{
  "RSpec": {
    "coverage": {
      "c:/Users/Ryan/desktop/product/nameofapp/app/models/user.rb": [
        1,
        null,
        null,
        1,
        null,
        1,
        null
      ],
      "c:/Users/Ryan/desktop/product/nameofapp/app/helpers/application_helper.rb": [
        1,
        null
      ],
      "c:/Users/Ryan/desktop/product/nameofapp/app/helpers/comments_helper.rb": [
        1,
        null
      ],
      "c:/Users/Ryan/desktop/product/nameofapp/app/helpers/products_helper.rb": [
        1,
        null
      ],
      "c:/Users/Ryan/desktop/product/nameofapp/app/helpers/registrations_helper.rb": [
        1,
        null
      ],
      "c:/Users/Ryan/desktop/product/nameofapp/app/helpers/static_pages_helper.rb": [
        1,
        null
      ],
      "c:/Users/Ryan/desktop/product/nameofapp/app/helpers/users_helper.rb": [
        1,
        null
      ],
      "c:/Users/Ryan/desktop/product/nameofapp/app/controllers/products_controller.rb": [
        1,
        1,
        null,
        null,
        1,
        2,
        0,
        0,
        null,
        2,
        null,
        null,
        null,
        null,
        null,
        1,
        0,
        null,
        null,
        null,
        1,
        0,
        null,
        null,
        null,
        1,
        null,
        null,
        null,
        null,
        1,
        0,
        null,
        0,
        0,
        0,
        0,
        null,
        0,
        0,
        null,
        null,
        null,
        null,
        null,
        null,
        1,
        0,
        0,
        0,
        0,
        null,
        0,
        0,
        null,
        null,
        null,
        null,
        null,
        null,
        1,
        0,
        0,
        0,
        0,
        null,
        null,
        null,
        1,
        null,
        1,
        0,
        null,
        null,
        null,
        1,
        0,
        null,
        null
      ],
      "c:/Users/Ryan/desktop/product/nameofapp/app/controllers/application_controller.rb": [
        1,
        null,
        null,
        1,
        null,
        null,
        1,
        0,
        null,
        null
      ],
      "c:/Users/Ryan/desktop/product/nameofapp/app/controllers/static_pages_controller.rb": [
        1,
        1,
        null,
        null,
        1,
        0,
        0,
        null,
        null,
        null,
        1,
        0,
        0,
        0,
        null,
        null,
        null,
        0,
        null,
        null,
        null
      ],
      "c:/Users/Ryan/desktop/product/nameofapp/app/controllers/users_controller.rb": [
        1,
        1,
        1,
        null,
        null,
        null,
        1,
        2,
        null,
        null,
        null,
        null,
        1,
        null,
        null,
        null,
        1,
        0,
        null,
        null,
        null,
        1,
        null,
        null,
        null,
        null,
        1,
        0,
        0,
        null,
        0,
        0,
        0,
        0,
        null,
        0,
        0,
        null,
        null,
        null,
        null,
        null,
        null,
        1,
        0,
        0,
        0,
        0,
        null,
        0,
        0,
        null,
        null,
        null,
        null,
        null,
        null,
        1,
        0,
        0,
        0,
        0,
        null,
        null,
        null,
        1,
        null,
        1,
        0,
        null,
        null,
        null,
        1,
        0,
        null,
        null
      ],
      "c:/Users/Ryan/desktop/product/nameofapp/app/models/comment.rb": [
        1,
        1,
        1,
        null,
        1,
        1,
        null
      ],
      "c:/Users/Ryan/desktop/product/nameofapp/app/models/product.rb": [
        1,
        1,
        1,
        null,
        1,
        null,
        1,
        0,
        null,
        null
      ],
      "c:/Users/Ryan/desktop/product/nameofapp/app/models/ability.rb": [
        1,
        1,
        null,
        1,
        2,
        2,
        2,
        0,
        null,
        2,
        null,
        null,
        null
      ]
    },
    "timestamp": 1435809294
  }
}
